<?xml version="1.0" encoding="UTF-8"?>
<!-- Generated by org.testng.reporters.JUnitReportReporter -->
<testsuite skipped="0" hostname="DESKTOP-7RJ4QGI" name="com.bitem.seleniumonlineproject3.test.LoginTest" tests="2" failures="0" timestamp="2021-01-02T19:14:35 BDT" time="15.270" errors="0">
  <testcase name="logintest" time="4.181" classname="com.bitem.seleniumonlineproject3.test.LoginTest"/>
  <system-out/>
  <testcase name="homepagetitleverify" time="11.089" classname="com.bitem.seleniumonlineproject3.test.LoginTest"/>
  <system-out/>
</testsuite> <!-- com.bitem.seleniumonlineproject3.test.LoginTest -->
