<?xml version="1.0" encoding="UTF-8"?>
<!-- Generated by org.testng.reporters.JUnitReportReporter -->
<testsuite skipped="0" hostname="DESKTOP-7RJ4QGI" name="com.bitem.seleniumonlineproject3.test.AssignLeaveTest" tests="1" failures="0" timestamp="2021-01-02T19:14:35 BDT" time="7.687" errors="0">
  <testcase name="leavepagetitleverify" time="7.687" classname="com.bitem.seleniumonlineproject3.test.AssignLeaveTest"/>
  <system-out/>
</testsuite> <!-- com.bitem.seleniumonlineproject3.test.AssignLeaveTest -->
